\BOOKMARK [0][-]{Doc-Start}{\376\377\000D\000a\000n\000h\000\040\000s\000\341\000c\000h\000\040\000h\000\354\000n\000h\000\040\036\243\000n\000h\000\040\000v\000\340\000\040\000b\000i\036\303\000u\000\040\001\021\036\323}{}% 1
\BOOKMARK [0][-]{Doc-Start}{\376\377\000D\000a\000n\000h\000\040\000s\000\341\000c\000h\000\040\000b\036\243\000n\000g}{}% 2
\BOOKMARK [0][-]{Doc-Start}{\376\377\000D\000a\000n\000h\000\040\000m\036\345\000c\000\040\000c\000\341\000c\000\040\000k\000\375\000\040\000h\000i\036\307\000u\000,\000\040\000c\000\341\000c\000\040\000c\000h\036\357\000\040\000v\000i\036\277\000t\000\040\000t\036\257\000t}{}% 3
\BOOKMARK [0][-]{chapter.1}{\376\377\000K\000i\036\277\000n\000\040\000t\000h\036\351\000c\000\040\000c\000h\000u\036\251\000n\000\040\000b\036\313}{}% 4
\BOOKMARK [1][-]{section.1.1}{\376\377\000G\000i\036\333\000i\000\040\000t\000h\000i\036\307\000u}{chapter.1}% 5
\BOOKMARK [2][-]{subsection.1.1.1}{\376\377\000G\000i\036\333\000i\000\040\000t\000h\000i\036\307\000u\000\040\000v\000i\036\307\000c\000\040\000h\036\315\000c\000\040\000t\000h\036\321\000n\000g\000\040\000k\000\352}{section.1.1}% 6
\BOOKMARK [2][-]{subsection.1.1.2}{\376\377\000T\036\325\000n\000g\000\040\000q\000u\000a\000n\000\040\000v\036\301\000\040\000v\000i\036\307\000c\000\040\000h\036\315\000c\000\040\000c\000\363\000\040\000g\000i\000\341\000m\000\040\000s\000\341\000t}{section.1.1}% 7
\BOOKMARK [2][-]{subsection.1.1.3}{\376\377\000B\000\340\000i\000\040\000t\000o\000\341\000n\000\040\000p\000h\000\342\000n\000\040\000l\000o\036\241\000i\000\040\000m\036\253\000u}{section.1.1}% 8
\BOOKMARK [1][-]{section.1.2}{\376\377\000M\036\253\000u\000\040\000t\036\353\000\040\000v\000e\000c\000t\000o\000r\000\040\001\021\036\267\000c\000\040\000t\000r\001\260\000n\000g\000\040\000n\000h\000i\036\301\000u\000\040\000c\000h\000i\036\301\000u\000\040\000c\036\347\000a\000\040\000q\000u\036\247\000n\000\040\000t\000h\036\303}{chapter.1}% 9
\BOOKMARK [1][-]{section.1.3}{\376\377\000P\000h\000\342\000n\000\040\000t\000\355\000c\000h\000\040\000t\001\260\001\241\000n\000g\000\040\000q\000u\000a\000n\000\040\000v\000\340\000\040\000c\000\341\000c\000\040\000m\000o\000m\000e\000n\000t\000\040\001\021\036\267\000c\000\040\000t\000r\001\260\000n\000g\000\040\000m\036\253\000u}{chapter.1}% 10
\BOOKMARK [2][-]{subsection.1.3.1}{\376\377\000C\000\341\000c\000\040\000m\000\364\000-\000m\000e\000n\000\040\001\021\036\267\000c\000\040\000t\000r\001\260\000n\000g\000\040\000m\036\253\000u}{section.1.3}% 11
\BOOKMARK [2][-]{subsection.1.3.2}{\376\377\000H\036\307\000\040\000s\036\321\000\040\000t\001\260\001\241\000n\000g\000\040\000q\000u\000a\000n\000\040\000m\036\253\000u}{section.1.3}% 12
\BOOKMARK [2][-]{subsection.1.3.3}{\376\377\000M\000a\000\040\000t\000r\036\255\000n\000\040\000t\001\260\001\241\000n\000g\000\040\000q\000u\000a\000n\000\040\000m\036\253\000u\000\040\000v\000\340\000\040\000h\036\307\000\040\000s\036\321\000\040\000t\036\243\000i}{section.1.3}% 13
\BOOKMARK [1][-]{section.1.4}{\376\377\000B\036\331\000\040\000p\000h\000\342\000n\000\040\000t\000\341\000c\000h\000\040\000t\000u\000y\036\277\000n\000\040\000t\000\355\000n\000h\000\040\000t\000h\000e\000o\000\040\000t\000i\036\277\000p\000\040\000c\036\255\000n\000\040\000c\036\347\000a\000\040\000F\000i\000s\000h\000e\000r\000\040\000\050\000F\000i\000s\000h\000e\000r\000'\000s\000\040\000L\000i\000n\000e\000a\000r\000\040\000d\000i\000s\000c\000r\000i\000m\000i\000n\000a\000n\000t\000\040\000A\000n\000a\000l\000y\000s\000i\000s\000\040\000-\000\040\000F\000i\000s\000h\000e\000r\000'\000s\000\040\000L\000D\000A\000\051}{chapter.1}% 14
\BOOKMARK [2][-]{subsection.1.4.1}{\376\377\000\335\000\040\000t\001\260\036\337\000n\000g\000\040\000h\000\354\000n\000h\000\040\000h\036\315\000c\000\040\000c\036\347\000a\000\040\000F\000i\000s\000h\000e\000r}{section.1.4}% 15
\BOOKMARK [2][-]{subsection.1.4.2}{\376\377\000N\000g\000h\000i\036\307\000m\000\040\000t\036\321\000i\000\040\001\260\000u\000\040\000c\036\347\000a\000\040\000F\000i\000s\000h\000e\000r\000\040\000t\000r\000o\000n\000g\000\040\000t\000r\001\260\036\335\000n\000g\000\040\000h\036\343\000p\000\040\000h\000a\000i\000\040\000l\036\333\000p}{section.1.4}% 16
\BOOKMARK [1][-]{section.1.5}{\376\377\000L\000\375\000\040\000t\000h\000u\000y\036\277\000t\000\040\000q\000u\000y\036\277\000t\000\040\001\021\036\313\000n\000h\000\040\000B\000a\000y\000e\000s\000\040\000t\000r\000o\000n\000g\000\040\000b\000\340\000i\000\040\000t\000o\000\341\000n\000\040\000p\000h\000\342\000n\000\040\000l\000o\036\241\000i}{chapter.1}% 17
\BOOKMARK [2][-]{subsection.1.5.1}{\376\377\000X\000\341\000c\000\040\000s\000u\036\245\000t\000\040\000h\036\255\000u\000\040\000n\000g\000h\000i\036\307\000m\000\040\000v\000\340\000\040\000q\000u\000y\000\040\000t\036\257\000c\000\040\000B\000a\000y\000e\000s}{section.1.5}% 18
\BOOKMARK [2][-]{subsection.1.5.2}{\376\377\000L\000D\000A\000\040\000t\000r\000o\000n\000g\000\040\000c\000\341\000c\000h\000\040\000t\000i\036\277\000p\000\040\000c\036\255\000n\000\040\000c\036\347\000a\000\040\000l\000\375\000\040\000t\000h\000u\000y\036\277\000t\000\040\000q\000u\000y\036\277\000t\000\040\001\021\036\313\000n\000h\000\040\000B\000a\000y\000e\000s}{section.1.5}% 19
\BOOKMARK [1][-]{section.1.6}{\376\377\000X\000\341\000c\000\040\001\021\036\313\000n\000h\000\040\001\021\036\331\000\040\000c\000h\000\355\000n\000h\000\040\000x\000\341\000c\000\040\000p\000h\000\342\000n\000\040\000l\000o\036\241\000i\000\040\000m\036\253\000u\000\040\000t\000h\036\321\000n\000g\000\040\000k\000\352}{chapter.1}% 20
\BOOKMARK [1][-]{section.1.7}{\376\377\000M\000i\000n\000h\000\040\000h\036\315\000a\000\040\000p\000h\000\342\000n\000\040\000l\000o\036\241\000i\000\040\000m\036\331\000t\000\040\000c\000h\000i\036\301\000u\000\040\000t\000r\000\352\000n\000\040\000b\036\331\000\040\000d\036\357\000\040\000l\000i\036\307\000u\000\040\000h\000o\000a\000\040\000d\000i\000\352\000n\000\040\000v\036\371\000\040\000\050\000I\000r\000i\000s\000\040\000D\000a\000t\000a\000s\000e\000t\000\051}{chapter.1}% 21
\BOOKMARK [0][-]{chapter.2}{\376\377\000L\000D\000A\000\040\000c\000h\000o\000\040\000b\000\340\000i\000\040\000t\000o\000\341\000n\000\040\000p\000h\000\342\000n\000\040\000l\000o\036\241\000i\000\040\000t\000r\000\352\000n\000\040\000d\036\357\000\040\000l\000i\036\307\000u\000\040\000m\000\364\000\040\000p\000h\036\317\000n\000g}{}% 22
\BOOKMARK [1][-]{section.2.1}{\376\377\000T\000h\000i\036\277\000t\000\040\000l\036\255\000p\000\040\000b\000\340\000i\000\040\000t\000o\000\341\000n\000\040\000v\000\340\000\040\000g\000i\036\243\000\040\000t\000h\000i\036\277\000t\000\040\000m\000\364\000\040\000h\000\354\000n\000h\000\040\000x\000\341\000c\000\040\000s\000u\036\245\000t}{chapter.2}% 23
\BOOKMARK [1][-]{section.2.2}{\376\377\000T\000h\036\361\000c\000\040\000n\000g\000h\000i\036\307\000m\000\040\000b\000\340\000i\000\040\000t\000o\000\341\000n\000\040\000p\000h\000\342\000n\000\040\000l\000o\036\241\000i\000\040\000h\000a\000i\000\040\000c\000h\000i\036\301\000u\000\040\000t\000r\000\352\000n\000\040\000d\036\357\000\040\000l\000i\036\307\000u\000\040\000m\000\364\000\040\000p\000h\036\317\000n\000g}{chapter.2}% 24
\BOOKMARK [2][-]{subsection.2.2.1}{\376\377\000M\000\364\000\040\000p\000h\036\317\000n\000g\000\040\000t\000r\001\260\036\335\000n\000g\000\040\000h\036\343\000p\000\040\000h\000a\000i\000\040\000l\036\333\000p\000\040\000\355\000t\000\040\000c\000h\036\323\000n\000g\000\040\000l\036\245\000p}{section.2.2}% 25
\BOOKMARK [2][-]{subsection.2.2.2}{\376\377\000M\000\364\000\040\000p\000h\036\317\000n\000g\000\040\000t\000r\001\260\036\335\000n\000g\000\040\000h\036\343\000p\000\040\000h\000a\000i\000\040\000l\036\333\000p\000\040\000c\000h\036\323\000n\000g\000\040\000l\036\245\000p\000\040\000n\000h\000i\036\301\000u}{section.2.2}% 26
\BOOKMARK [2][-]{subsection.2.2.3}{\376\377\000M\000\364\000\040\000p\000h\036\317\000n\000g\000\040\000t\000r\001\260\036\335\000n\000g\000\040\000h\036\343\000p\000\040\000h\000a\000i\000\040\000l\036\333\000p\000\040\000t\000\341\000c\000h\000\040\000b\000i\036\307\000t\000\040\000h\000o\000\340\000n\000\040\000t\000o\000\340\000n}{section.2.2}% 27
\BOOKMARK [0][-]{chapter*.31}{\376\377\000K\036\277\000t\000\040\000l\000u\036\255\000n}{}% 28
\BOOKMARK [0][-]{chapter*.31}{\376\377\000T\000\340\000i\000\040\000l\000i\036\307\000u\000\040\000t\000h\000a\000m\000\040\000k\000h\036\243\000o}{}% 29
